build/app/intermediates/manifest_merge_blame_file/release/manifest-merger-blame-release-report.txt
1<?xml version="1.0" encoding="utf-8"?>
2<manifest xmlns:android="http://schemas.android.com/apk/res/android"
3    package="dev.evetong.wordPiggyBank"
4    android:versionCode="3"
5    android:versionName="1.0.3" >
6
7    <uses-sdk
8        android:minSdkVersion="21"
8-->src/main/AndroidManifest.xml
9        android:targetSdkVersion="30" />
9-->src/main/AndroidManifest.xml
10
11    <uses-permission android:name="android.permission.INTERNET" />
11-->[:google_mobile_ads] AndroidManifest.xml:7:5-67
11-->[:google_mobile_ads] AndroidManifest.xml:7:22-64
12    <uses-permission android:name="android.permission.ACCESS_NETWORK_STATE" /> <!-- Android package visibility setting -->
12-->[com.google.android.exoplayer:exoplayer-core:2.13.1] AndroidManifest.xml:24:5-79
12-->[com.google.android.exoplayer:exoplayer-core:2.13.1] AndroidManifest.xml:24:22-76
13    <queries>
13-->[com.google.android.gms:play-services-ads-lite:20.2.0] AndroidManifest.xml:27:5-43:15
14
15        <!-- For browser content -->
16        <intent>
16-->[com.google.android.gms:play-services-ads-lite:20.2.0] AndroidManifest.xml:30:9-36:18
17            <action android:name="android.intent.action.VIEW" />
17-->[com.google.android.gms:play-services-ads-lite:20.2.0] AndroidManifest.xml:31:13-65
17-->[com.google.android.gms:play-services-ads-lite:20.2.0] AndroidManifest.xml:31:21-62
18
19            <category android:name="android.intent.category.BROWSABLE" />
19-->[com.google.android.gms:play-services-ads-lite:20.2.0] AndroidManifest.xml:33:13-74
19-->[com.google.android.gms:play-services-ads-lite:20.2.0] AndroidManifest.xml:33:23-71
20
21            <data android:scheme="https" />
21-->[com.google.android.gms:play-services-ads-lite:20.2.0] AndroidManifest.xml:35:13-44
21-->[com.google.android.gms:play-services-ads-lite:20.2.0] AndroidManifest.xml:35:19-41
22        </intent>
23        <!-- End of browser content -->
24        <!-- For CustomTabsService -->
25        <intent>
25-->[com.google.android.gms:play-services-ads-lite:20.2.0] AndroidManifest.xml:39:9-41:18
26            <action android:name="android.support.customtabs.action.CustomTabsService" />
26-->[com.google.android.gms:play-services-ads-lite:20.2.0] AndroidManifest.xml:40:13-90
26-->[com.google.android.gms:play-services-ads-lite:20.2.0] AndroidManifest.xml:40:21-87
27        </intent>
28        <!-- End of CustomTabsService -->
29    </queries>
30
31    <uses-permission android:name="android.permission.WAKE_LOCK" />
31-->[com.google.android.gms:play-services-measurement-sdk-api:18.0.0] AndroidManifest.xml:25:5-68
31-->[com.google.android.gms:play-services-measurement-sdk-api:18.0.0] AndroidManifest.xml:25:22-65
32    <uses-permission android:name="android.permission.RECEIVE_BOOT_COMPLETED" />
32-->[androidx.work:work-runtime:2.1.0] AndroidManifest.xml:27:5-81
32-->[androidx.work:work-runtime:2.1.0] AndroidManifest.xml:27:22-78
33    <uses-permission android:name="com.android.vending.BILLING" />
33-->[com.android.billingclient:billing:3.0.2] AndroidManifest.xml:10:5-67
33-->[com.android.billingclient:billing:3.0.2] AndroidManifest.xml:10:22-64
34
35    <application
35-->src/main/AndroidManifest.xml:3:4-43:19
36        android:appComponentFactory="androidx.core.app.CoreComponentFactory"
36-->[androidx.core:core:1.2.0] AndroidManifest.xml:24:18-86
37        android:icon="@mipmap/ic_launcher"
37-->src/main/AndroidManifest.xml:5:9-43
38        android:label="WordPiggy" >
38-->src/main/AndroidManifest.xml:4:9-34
39        <activity
39-->src/main/AndroidManifest.xml:6:9-34:20
40            android:name="dev.evetong.wordPiggyBank.MainActivity"
40-->src/main/AndroidManifest.xml:7:13-41
41            android:configChanges="orientation|keyboardHidden|keyboard|screenSize|smallestScreenSize|locale|layoutDirection|fontScale|screenLayout|density|uiMode"
41-->src/main/AndroidManifest.xml:10:13-163
42            android:hardwareAccelerated="true"
42-->src/main/AndroidManifest.xml:11:13-47
43            android:launchMode="singleTop"
43-->src/main/AndroidManifest.xml:8:13-43
44            android:theme="@style/LaunchTheme"
44-->src/main/AndroidManifest.xml:9:13-47
45            android:windowSoftInputMode="adjustResize" >
45-->src/main/AndroidManifest.xml:12:13-55
46
47            <!--
48                 Specifies an Android theme to apply to this Activity as soon as
49                 the Android process has started. This theme is visible to the user
50                 while the Flutter UI initializes. After that, this theme continues
51                 to determine the Window background behind the Flutter UI.
52            -->
53            <meta-data
53-->src/main/AndroidManifest.xml:17:13-20:17
54                android:name="io.flutter.embedding.android.NormalTheme"
54-->src/main/AndroidManifest.xml:18:15-70
55                android:resource="@style/NormalTheme" />
55-->src/main/AndroidManifest.xml:19:15-52
56            <!--
57                 Displays an Android View that continues showing the launch screen
58                 Drawable until Flutter paints its first frame, then this splash
59                 screen fades out. A splash screen is useful to avoid any visual
60                 gap between the end of Android's launch screen and the painting of
61                 Flutter's first frame.
62            -->
63            <meta-data
63-->src/main/AndroidManifest.xml:26:13-29:17
64                android:name="io.flutter.embedding.android.SplashScreenDrawable"
64-->src/main/AndroidManifest.xml:27:15-79
65                android:resource="@drawable/launch_background" />
65-->src/main/AndroidManifest.xml:28:15-61
66
67            <intent-filter>
67-->src/main/AndroidManifest.xml:30:13-33:29
68                <action android:name="android.intent.action.MAIN" />
68-->src/main/AndroidManifest.xml:31:17-68
68-->src/main/AndroidManifest.xml:31:25-66
69
70                <category android:name="android.intent.category.LAUNCHER" />
70-->src/main/AndroidManifest.xml:32:17-76
70-->src/main/AndroidManifest.xml:32:27-74
71            </intent-filter>
72        </activity>
73        <!--
74             Don't delete the meta-data below.
75             This is used by the Flutter tool to generate GeneratedPluginRegistrant.java
76        -->
77        <meta-data
77-->src/main/AndroidManifest.xml:37:9-39:33
78            android:name="flutterEmbedding"
78-->src/main/AndroidManifest.xml:38:13-44
79            android:value="2" />
79-->src/main/AndroidManifest.xml:39:13-30
80        <meta-data
80-->src/main/AndroidManifest.xml:40:9-42:68
81            android:name="com.google.android.gms.ads.APPLICATION_ID"
81-->src/main/AndroidManifest.xml:41:12-68
82            android:value="ca-app-pub-6495599315568479~6798586023" />
82-->src/main/AndroidManifest.xml:42:12-66
83        <meta-data
83-->[:google_mobile_ads] AndroidManifest.xml:10:9-12:36
84            android:name="io.flutter.embedded_views_preview"
84-->[:google_mobile_ads] AndroidManifest.xml:11:13-61
85            android:value="true" /> <!-- Include the AdActivity and InAppPurchaseActivity configChanges and themes. -->
85-->[:google_mobile_ads] AndroidManifest.xml:12:13-33
86        <activity
86-->[com.google.android.gms:play-services-ads-lite:20.2.0] AndroidManifest.xml:48:9-52:64
87            android:name="com.google.android.gms.ads.AdActivity"
87-->[com.google.android.gms:play-services-ads-lite:20.2.0] AndroidManifest.xml:49:13-65
88            android:configChanges="keyboard|keyboardHidden|orientation|screenLayout|uiMode|screenSize|smallestScreenSize"
88-->[com.google.android.gms:play-services-ads-lite:20.2.0] AndroidManifest.xml:50:13-122
89            android:exported="false"
89-->[com.google.android.gms:play-services-ads-lite:20.2.0] AndroidManifest.xml:51:13-37
90            android:theme="@android:style/Theme.Translucent" />
90-->[com.google.android.gms:play-services-ads-lite:20.2.0] AndroidManifest.xml:52:13-61
91
92        <provider
92-->[com.google.android.gms:play-services-ads-lite:20.2.0] AndroidManifest.xml:54:9-58:39
93            android:name="com.google.android.gms.ads.MobileAdsInitProvider"
93-->[com.google.android.gms:play-services-ads-lite:20.2.0] AndroidManifest.xml:55:13-76
94            android:authorities="dev.evetong.wordPiggyBank.mobileadsinitprovider"
94-->[com.google.android.gms:play-services-ads-lite:20.2.0] AndroidManifest.xml:56:13-73
95            android:exported="false"
95-->[com.google.android.gms:play-services-ads-lite:20.2.0] AndroidManifest.xml:57:13-37
96            android:initOrder="100" />
96-->[com.google.android.gms:play-services-ads-lite:20.2.0] AndroidManifest.xml:58:13-36
97
98        <service
98-->[com.google.android.gms:play-services-ads-lite:20.2.0] AndroidManifest.xml:60:9-63:40
99            android:name="com.google.android.gms.ads.AdService"
99-->[com.google.android.gms:play-services-ads-lite:20.2.0] AndroidManifest.xml:61:13-64
100            android:enabled="true"
100-->[com.google.android.gms:play-services-ads-lite:20.2.0] AndroidManifest.xml:62:13-35
101            android:exported="false" />
101-->[com.google.android.gms:play-services-ads-lite:20.2.0] AndroidManifest.xml:63:13-37
102
103        <meta-data
103-->[com.google.android.gms:play-services-basement:17.6.0] AndroidManifest.xml:23:9-25:69
104            android:name="com.google.android.gms.version"
104-->[com.google.android.gms:play-services-basement:17.6.0] AndroidManifest.xml:24:13-58
105            android:value="@integer/google_play_services_version" />
105-->[com.google.android.gms:play-services-basement:17.6.0] AndroidManifest.xml:25:13-66
106
107        <provider
107-->[androidx.work:work-runtime:2.1.0] AndroidManifest.xml:30:9-36:35
108            android:name="androidx.work.impl.WorkManagerInitializer"
108-->[androidx.work:work-runtime:2.1.0] AndroidManifest.xml:31:13-69
109            android:authorities="dev.evetong.wordPiggyBank.workmanager-init"
109-->[androidx.work:work-runtime:2.1.0] AndroidManifest.xml:32:13-68
110            android:directBootAware="false"
110-->[androidx.work:work-runtime:2.1.0] AndroidManifest.xml:33:13-44
111            android:exported="false"
111-->[androidx.work:work-runtime:2.1.0] AndroidManifest.xml:34:13-37
112            android:multiprocess="true" />
112-->[androidx.work:work-runtime:2.1.0] AndroidManifest.xml:35:13-40
113
114        <service
114-->[androidx.work:work-runtime:2.1.0] AndroidManifest.xml:38:9-43:35
115            android:name="androidx.work.impl.background.systemalarm.SystemAlarmService"
115-->[androidx.work:work-runtime:2.1.0] AndroidManifest.xml:39:13-88
116            android:directBootAware="false"
116-->[androidx.work:work-runtime:2.1.0] AndroidManifest.xml:40:13-44
117            android:enabled="@bool/enable_system_alarm_service_default"
117-->[androidx.work:work-runtime:2.1.0] AndroidManifest.xml:41:13-72
118            android:exported="false" />
118-->[androidx.work:work-runtime:2.1.0] AndroidManifest.xml:42:13-37
119        <service
119-->[androidx.work:work-runtime:2.1.0] AndroidManifest.xml:44:9-50:35
120            android:name="androidx.work.impl.background.systemjob.SystemJobService"
120-->[androidx.work:work-runtime:2.1.0] AndroidManifest.xml:45:13-84
121            android:directBootAware="false"
121-->[androidx.work:work-runtime:2.1.0] AndroidManifest.xml:46:13-44
122            android:enabled="@bool/enable_system_job_service_default"
122-->[androidx.work:work-runtime:2.1.0] AndroidManifest.xml:47:13-70
123            android:exported="true"
123-->[androidx.work:work-runtime:2.1.0] AndroidManifest.xml:48:13-36
124            android:permission="android.permission.BIND_JOB_SERVICE" />
124-->[androidx.work:work-runtime:2.1.0] AndroidManifest.xml:49:13-69
125
126        <receiver
126-->[androidx.work:work-runtime:2.1.0] AndroidManifest.xml:52:9-57:35
127            android:name="androidx.work.impl.utils.ForceStopRunnable$BroadcastReceiver"
127-->[androidx.work:work-runtime:2.1.0] AndroidManifest.xml:53:13-88
128            android:directBootAware="false"
128-->[androidx.work:work-runtime:2.1.0] AndroidManifest.xml:54:13-44
129            android:enabled="true"
129-->[androidx.work:work-runtime:2.1.0] AndroidManifest.xml:55:13-35
130            android:exported="false" />
130-->[androidx.work:work-runtime:2.1.0] AndroidManifest.xml:56:13-37
131        <receiver
131-->[androidx.work:work-runtime:2.1.0] AndroidManifest.xml:58:9-68:20
132            android:name="androidx.work.impl.background.systemalarm.ConstraintProxy$BatteryChargingProxy"
132-->[androidx.work:work-runtime:2.1.0] AndroidManifest.xml:59:13-106
133            android:directBootAware="false"
133-->[androidx.work:work-runtime:2.1.0] AndroidManifest.xml:60:13-44
134            android:enabled="false"
134-->[androidx.work:work-runtime:2.1.0] AndroidManifest.xml:61:13-36
135            android:exported="false" >
135-->[androidx.work:work-runtime:2.1.0] AndroidManifest.xml:62:13-37
136            <intent-filter>
136-->[androidx.work:work-runtime:2.1.0] AndroidManifest.xml:64:13-67:29
137                <action android:name="android.intent.action.ACTION_POWER_CONNECTED" />
137-->[androidx.work:work-runtime:2.1.0] AndroidManifest.xml:65:17-87
137-->[androidx.work:work-runtime:2.1.0] AndroidManifest.xml:65:25-84
138                <action android:name="android.intent.action.ACTION_POWER_DISCONNECTED" />
138-->[androidx.work:work-runtime:2.1.0] AndroidManifest.xml:66:17-90
138-->[androidx.work:work-runtime:2.1.0] AndroidManifest.xml:66:25-87
139            </intent-filter>
140        </receiver>
141        <receiver
141-->[androidx.work:work-runtime:2.1.0] AndroidManifest.xml:69:9-79:20
142            android:name="androidx.work.impl.background.systemalarm.ConstraintProxy$BatteryNotLowProxy"
142-->[androidx.work:work-runtime:2.1.0] AndroidManifest.xml:70:13-104
143            android:directBootAware="false"
143-->[androidx.work:work-runtime:2.1.0] AndroidManifest.xml:71:13-44
144            android:enabled="false"
144-->[androidx.work:work-runtime:2.1.0] AndroidManifest.xml:72:13-36
145            android:exported="false" >
145-->[androidx.work:work-runtime:2.1.0] AndroidManifest.xml:73:13-37
146            <intent-filter>
146-->[androidx.work:work-runtime:2.1.0] AndroidManifest.xml:75:13-78:29
147                <action android:name="android.intent.action.BATTERY_OKAY" />
147-->[androidx.work:work-runtime:2.1.0] AndroidManifest.xml:76:17-77
147-->[androidx.work:work-runtime:2.1.0] AndroidManifest.xml:76:25-74
148                <action android:name="android.intent.action.BATTERY_LOW" />
148-->[androidx.work:work-runtime:2.1.0] AndroidManifest.xml:77:17-76
148-->[androidx.work:work-runtime:2.1.0] AndroidManifest.xml:77:25-73
149            </intent-filter>
150        </receiver>
151        <receiver
151-->[androidx.work:work-runtime:2.1.0] AndroidManifest.xml:80:9-90:20
152            android:name="androidx.work.impl.background.systemalarm.ConstraintProxy$StorageNotLowProxy"
152-->[androidx.work:work-runtime:2.1.0] AndroidManifest.xml:81:13-104
153            android:directBootAware="false"
153-->[androidx.work:work-runtime:2.1.0] AndroidManifest.xml:82:13-44
154            android:enabled="false"
154-->[androidx.work:work-runtime:2.1.0] AndroidManifest.xml:83:13-36
155            android:exported="false" >
155-->[androidx.work:work-runtime:2.1.0] AndroidManifest.xml:84:13-37
156            <intent-filter>
156-->[androidx.work:work-runtime:2.1.0] AndroidManifest.xml:86:13-89:29
157                <action android:name="android.intent.action.DEVICE_STORAGE_LOW" />
157-->[androidx.work:work-runtime:2.1.0] AndroidManifest.xml:87:17-83
157-->[androidx.work:work-runtime:2.1.0] AndroidManifest.xml:87:25-80
158                <action android:name="android.intent.action.DEVICE_STORAGE_OK" />
158-->[androidx.work:work-runtime:2.1.0] AndroidManifest.xml:88:17-82
158-->[androidx.work:work-runtime:2.1.0] AndroidManifest.xml:88:25-79
159            </intent-filter>
160        </receiver>
161        <receiver
161-->[androidx.work:work-runtime:2.1.0] AndroidManifest.xml:91:9-100:20
162            android:name="androidx.work.impl.background.systemalarm.ConstraintProxy$NetworkStateProxy"
162-->[androidx.work:work-runtime:2.1.0] AndroidManifest.xml:92:13-103
163            android:directBootAware="false"
163-->[androidx.work:work-runtime:2.1.0] AndroidManifest.xml:93:13-44
164            android:enabled="false"
164-->[androidx.work:work-runtime:2.1.0] AndroidManifest.xml:94:13-36
165            android:exported="false" >
165-->[androidx.work:work-runtime:2.1.0] AndroidManifest.xml:95:13-37
166            <intent-filter>
166-->[androidx.work:work-runtime:2.1.0] AndroidManifest.xml:97:13-99:29
167                <action android:name="android.net.conn.CONNECTIVITY_CHANGE" />
167-->[androidx.work:work-runtime:2.1.0] AndroidManifest.xml:98:17-79
167-->[androidx.work:work-runtime:2.1.0] AndroidManifest.xml:98:25-76
168            </intent-filter>
169        </receiver>
170        <receiver
170-->[androidx.work:work-runtime:2.1.0] AndroidManifest.xml:101:9-112:20
171            android:name="androidx.work.impl.background.systemalarm.RescheduleReceiver"
171-->[androidx.work:work-runtime:2.1.0] AndroidManifest.xml:102:13-88
172            android:directBootAware="false"
172-->[androidx.work:work-runtime:2.1.0] AndroidManifest.xml:103:13-44
173            android:enabled="false"
173-->[androidx.work:work-runtime:2.1.0] AndroidManifest.xml:104:13-36
174            android:exported="false" >
174-->[androidx.work:work-runtime:2.1.0] AndroidManifest.xml:105:13-37
175            <intent-filter>
175-->[androidx.work:work-runtime:2.1.0] AndroidManifest.xml:107:13-111:29
176                <action android:name="android.intent.action.BOOT_COMPLETED" />
176-->[androidx.work:work-runtime:2.1.0] AndroidManifest.xml:108:17-79
176-->[androidx.work:work-runtime:2.1.0] AndroidManifest.xml:108:25-76
177                <action android:name="android.intent.action.TIME_SET" />
177-->[androidx.work:work-runtime:2.1.0] AndroidManifest.xml:109:17-73
177-->[androidx.work:work-runtime:2.1.0] AndroidManifest.xml:109:25-70
178                <action android:name="android.intent.action.TIMEZONE_CHANGED" />
178-->[androidx.work:work-runtime:2.1.0] AndroidManifest.xml:110:17-81
178-->[androidx.work:work-runtime:2.1.0] AndroidManifest.xml:110:25-78
179            </intent-filter>
180        </receiver>
181        <receiver
181-->[androidx.work:work-runtime:2.1.0] AndroidManifest.xml:113:9-122:20
182            android:name="androidx.work.impl.background.systemalarm.ConstraintProxyUpdateReceiver"
182-->[androidx.work:work-runtime:2.1.0] AndroidManifest.xml:114:13-99
183            android:directBootAware="false"
183-->[androidx.work:work-runtime:2.1.0] AndroidManifest.xml:115:13-44
184            android:enabled="@bool/enable_system_alarm_service_default"
184-->[androidx.work:work-runtime:2.1.0] AndroidManifest.xml:116:13-72
185            android:exported="false" >
185-->[androidx.work:work-runtime:2.1.0] AndroidManifest.xml:117:13-37
186            <intent-filter>
186-->[androidx.work:work-runtime:2.1.0] AndroidManifest.xml:119:13-121:29
187                <action android:name="androidx.work.impl.background.systemalarm.UpdateProxies" />
187-->[androidx.work:work-runtime:2.1.0] AndroidManifest.xml:120:17-98
187-->[androidx.work:work-runtime:2.1.0] AndroidManifest.xml:120:25-95
188            </intent-filter>
189        </receiver>
190
191        <service
191-->[androidx.room:room-runtime:2.1.0] AndroidManifest.xml:25:9-27:40
192            android:name="androidx.room.MultiInstanceInvalidationService"
192-->[androidx.room:room-runtime:2.1.0] AndroidManifest.xml:26:13-74
193            android:exported="false" />
193-->[androidx.room:room-runtime:2.1.0] AndroidManifest.xml:27:13-37
194
195        <meta-data
195-->[com.android.billingclient:billing:3.0.2] AndroidManifest.xml:13:9-15:37
196            android:name="com.google.android.play.billingclient.version"
196-->[com.android.billingclient:billing:3.0.2] AndroidManifest.xml:14:13-73
197            android:value="3.0.2" />
197-->[com.android.billingclient:billing:3.0.2] AndroidManifest.xml:15:13-34
198
199        <activity
199-->[com.android.billingclient:billing:3.0.2] AndroidManifest.xml:17:9-21:75
200            android:name="com.android.billingclient.api.ProxyBillingActivity"
200-->[com.android.billingclient:billing:3.0.2] AndroidManifest.xml:18:13-78
201            android:configChanges="keyboard|keyboardHidden|screenLayout|screenSize|orientation"
201-->[com.android.billingclient:billing:3.0.2] AndroidManifest.xml:19:13-96
202            android:exported="false"
202-->[com.android.billingclient:billing:3.0.2] AndroidManifest.xml:20:13-37
203            android:theme="@android:style/Theme.Translucent.NoTitleBar" />
203-->[com.android.billingclient:billing:3.0.2] AndroidManifest.xml:21:13-72
204    </application>
205
206</manifest>